<?xml version="1.0" encoding="UTF-8"?>
<!-- Generated by org.testng.reporters.JUnitXMLReporter -->
<testsuite hostname="lenovo" ignored="0" name="Default test" tests="3" failures="0" timestamp="03 Nov 2019 17:53:02 GMT" time="12.791" errors="0">
  <testcase name="tc06VerifySignUpPageTest" time="0.512" classname="test.TestConduitSignUpPage"/>
  <testcase name="tc07VerifyErrorMessagesWhenSignUp" time="1.404" classname="test.TestConduitSignUpPage"/>
  <testcase name="tc08VerifyNavigationOnSignInPageFromHaveAnAccountLink" time="0.243" classname="test.TestConduitSignUpPage"/>
</testsuite> <!-- Default test -->
